May 30, 2019 7:19:47 PM ServerImpl.MontrealServerImpl addEvent
INFO: Add Event Called in Montreal Server for Event ID: OTWA100519 Event Type: Conferences Booking Capacity: 3
May 31, 2019 3:22:37 PM ServerImpl.MontrealServerImpl addEvent
INFO: Received request from 1234 to add an event with event id OTWA100519 , Event TypeConferences & Booking Capacity 3
May 31, 2019 3:22:37 PM ServerImpl.MontrealServerImpl addEvent
INFO: Add Event Called in Montreal Server for Event ID: OTWA100519 Event Type: Conferences Booking Capacity: 3
May 31, 2019 6:20:28 PM ServerImpl.MontrealServerImpl addEvent
INFO: Received request from 1234 to add an event with event id OTWA100519 , Event TypeConferences & Booking Capacity 3
May 31, 2019 6:20:28 PM ServerImpl.MontrealServerImpl addEvent
INFO: Operations Successful!. Event Added in Montreal Server for Event ID: OTWA100519 Event Type: Conferences Booking Capacity: 3
May 31, 2019 6:24:12 PM ServerImpl.MontrealServerImpl addEvent
INFO: Received request from 1234 to add an event with event id MTLE100519 , Event TypeConferences & Booking Capacity 3
May 31, 2019 6:24:12 PM ServerImpl.MontrealServerImpl addEvent
INFO: Operations Unsuccessful!. Event Not Added in Montreal Server for Event ID: MTLE100519 Event Type: Conferences because the Event ID: MTLE100519 is already added for theEvent Type: Conferences. But, the Booking Capacity is updated to 3
May 31, 2019 6:25:18 PM ServerImpl.MontrealServerImpl addEvent
INFO: Received request from 1234 to add an event with event id MTLE100519 , Event TypeConferences & Booking Capacity 3
May 31, 2019 6:25:18 PM ServerImpl.MontrealServerImpl addEvent
INFO: Operations Unsuccessful!. Event Not Added in Montreal Server for Event ID: MTLE100519 Event Type: Conferences because the Event ID: MTLE100519 is already added for theEvent Type: Conferences. But, the Booking Capacity is updated to 3
May 31, 2019 6:25:40 PM ServerImpl.MontrealServerImpl addEvent
INFO: Received request from 1234 to add an event with event id MTLE100539 , Event TypeConferences & Booking Capacity 3
May 31, 2019 6:25:40 PM ServerImpl.MontrealServerImpl addEvent
INFO: Operations Successful!. Event Added in Montreal Server for Event ID: MTLE100539 Event Type: Conferences Booking Capacity: 3
May 31, 2019 8:21:04 PM ServerImpl.MontrealServerImpl listEventAvailability
INFO: Operation Successful, List of events retrieved for Event Type: Conferences by Manager: 1234
May 31, 2019 8:23:32 PM ServerImpl.MontrealServerImpl listEventAvailability
INFO: Operation Successful, List of events retrieved for Event Type: Conferences by Manager: 1234
Jun 01, 2019 1:46:01 AM ServerImpl.MontrealServerImpl getBookingSchedule
INFO: Booking Schedule Requested by MTLC1234
Jun 01, 2019 1:46:01 AM ServerImpl.MontrealServerImpl getBookingSchedule
INFO: Operation Failure. Records for MTLC1234 do not exist.
Jun 01, 2019 1:47:22 AM ServerImpl.MontrealServerImpl getBookingSchedule
INFO: Booking Schedule Requested by MTLC1234
Jun 01, 2019 1:47:22 AM ServerImpl.MontrealServerImpl getBookingSchedule
INFO: Operation Failure. Records for MTLC1234 do not exist.
Jun 01, 2019 1:55:55 AM ServerImpl.MontrealServerImpl getBookingSchedule
INFO: Booking Schedule Requested by MTLC1234
Jun 01, 2019 1:55:55 AM ServerImpl.MontrealServerImpl getBookingSchedule
INFO: Operation Failure. Records for MTLC1234 do not exist.
Jun 01, 2019 2:07:24 AM ServerImpl.MontrealServerImpl getBookingSchedule
INFO: Booking Schedule Requested by MTLC1234
Jun 01, 2019 2:07:24 AM ServerImpl.MontrealServerImpl getBookingSchedule
INFO: Operation Failure. Records for MTLC1234 do not exist.
Jun 01, 2019 2:09:15 AM ServerImpl.MontrealServerImpl getBookingSchedule
INFO: Booking Schedule Requested by MTLC1234
Jun 01, 2019 2:09:15 AM ServerImpl.MontrealServerImpl getBookingSchedule
INFO: Operation Failure. Records for MTLC1234 do not exist.
Jun 01, 2019 2:12:21 AM ServerImpl.MontrealServerImpl getBookingSchedule
INFO: Booking Schedule Requested by MTLC1234
Jun 01, 2019 2:12:21 AM ServerImpl.MontrealServerImpl getBookingSchedule
INFO: Operation Failure. Records for MTLC1234 do not exist.
Jun 01, 2019 2:12:48 AM ServerImpl.MontrealServerImpl getBookingSchedule
INFO: Booking Schedule Requested by MTLC1234
Jun 01, 2019 2:12:48 AM ServerImpl.MontrealServerImpl getBookingSchedule
INFO: Operation Failure. Records for MTLC1234 do not exist.
Jun 01, 2019 2:12:51 AM ServerImpl.MontrealServerImpl getBookingSchedule
INFO: Booking Schedule Requested by MTLC1234
Jun 01, 2019 2:12:51 AM ServerImpl.MontrealServerImpl getBookingSchedule
INFO: Operation Failure. Records for MTLC1234 do not exist.
Jun 01, 2019 2:20:09 AM ServerImpl.MontrealServerImpl getBookingSchedule
INFO: Booking Schedule Requested by MTLC1234
Jun 01, 2019 2:20:09 AM ServerImpl.MontrealServerImpl getBookingSchedule
INFO: Operation Failure. Records for MTLC1234 do not exist.
Jun 01, 2019 2:20:39 AM ServerImpl.MontrealServerImpl getBookingSchedule
INFO: Booking Schedule Requested by MTLC1234
Jun 01, 2019 2:20:39 AM ServerImpl.MontrealServerImpl getBookingSchedule
INFO: Operation Failure. Records for MTLC1234 do not exist.
Jun 01, 2019 2:21:30 AM ServerImpl.MontrealServerImpl getBookingSchedule
INFO: Booking Schedule Requested by MTLC1234
Jun 01, 2019 2:21:30 AM ServerImpl.MontrealServerImpl getBookingSchedule
INFO: Operation Sucessful. Records for MTLC1234 have been found
